<?xml version="1.0" encoding="UTF-8"?>
<testng-results ignored="0" total="14" passed="13" failed="1" skipped="0">
  <reporter-output>
  </reporter-output>
  <suite started-at="2022-11-21T17:26:57 IST" name="Suite" finished-at="2022-11-21T17:32:07 IST" duration-ms="309913">
    <groups>
    </groups>
    <test started-at="2022-11-21T17:26:57 IST" name="Test" finished-at="2022-11-21T17:32:07 IST" duration-ms="309913">
      <class name="Update_TestCase.Search_pom">
        <test-method is-config="true" signature="BrowserSetup()[pri:0, instance:Update_TestCase.Search_pom@6c6cb480]" started-at="2022-11-21T17:30:31 IST" name="BrowserSetup" finished-at="2022-11-21T17:30:44 IST" duration-ms="13268" status="PASS">
          <reporter-output>
          </reporter-output>
        </test-method> <!-- BrowserSetup -->
        <test-method signature="Test_case2()[pri:0, instance:Update_TestCase.Search_pom@6c6cb480]" started-at="2022-11-21T17:30:44 IST" name="Test_case2" finished-at="2022-11-21T17:30:47 IST" duration-ms="2761" status="PASS">
          <reporter-output>
          </reporter-output>
        </test-method> <!-- Test_case2 -->
        <test-method is-config="true" signature="Shutdown()[pri:0, instance:Update_TestCase.Search_pom@6c6cb480]" started-at="2022-11-21T17:30:47 IST" name="Shutdown" finished-at="2022-11-21T17:30:55 IST" duration-ms="7455" status="PASS">
          <reporter-output>
          </reporter-output>
        </test-method> <!-- Shutdown -->
      </class> <!-- Update_TestCase.Search_pom -->
      <class name="Update_TestCase.contact_DWS">
        <test-method is-config="true" signature="BrowserSetup()[pri:0, instance:Update_TestCase.contact_DWS@175c2241]" started-at="2022-11-21T17:27:43 IST" name="BrowserSetup" finished-at="2022-11-21T17:27:52 IST" duration-ms="8790" status="PASS">
          <reporter-output>
          </reporter-output>
        </test-method> <!-- BrowserSetup -->
        <test-method signature="contact()[pri:0, instance:Update_TestCase.contact_DWS@175c2241]" started-at="2022-11-21T17:27:52 IST" name="contact" finished-at="2022-11-21T17:27:55 IST" duration-ms="3023" status="PASS">
          <reporter-output>
          </reporter-output>
        </test-method> <!-- contact -->
        <test-method is-config="true" signature="Shutdown()[pri:0, instance:Update_TestCase.contact_DWS@175c2241]" started-at="2022-11-21T17:27:55 IST" name="Shutdown" finished-at="2022-11-21T17:27:56 IST" duration-ms="396" status="PASS">
          <reporter-output>
          </reporter-output>
        </test-method> <!-- Shutdown -->
      </class> <!-- Update_TestCase.contact_DWS -->
      <class name="Update_TestCase.Newspapper_DWS">
        <test-method is-config="true" signature="BrowserSetup()[pri:0, instance:Update_TestCase.Newspapper_DWS@557caf28]" started-at="2022-11-21T17:29:25 IST" name="BrowserSetup" finished-at="2022-11-21T17:29:51 IST" duration-ms="25802" status="PASS">
          <reporter-output>
          </reporter-output>
        </test-method> <!-- BrowserSetup -->
        <test-method signature="Newsletter()[pri:0, instance:Update_TestCase.Newspapper_DWS@557caf28]" started-at="2022-11-21T17:29:51 IST" name="Newsletter" finished-at="2022-11-21T17:29:57 IST" duration-ms="6135" status="PASS">
          <reporter-output>
          </reporter-output>
        </test-method> <!-- Newsletter -->
        <test-method is-config="true" signature="Shutdown()[pri:0, instance:Update_TestCase.Newspapper_DWS@557caf28]" started-at="2022-11-21T17:29:57 IST" name="Shutdown" finished-at="2022-11-21T17:29:59 IST" duration-ms="1832" status="PASS">
          <reporter-output>
          </reporter-output>
        </test-method> <!-- Shutdown -->
      </class> <!-- Update_TestCase.Newspapper_DWS -->
      <class name="Update_TestCase.Jewelery_DWS">
        <test-method is-config="true" signature="BrowserSetup()[pri:0, instance:Update_TestCase.Jewelery_DWS@1d296da]" started-at="2022-11-21T17:28:42 IST" name="BrowserSetup" finished-at="2022-11-21T17:28:53 IST" duration-ms="11938" status="PASS">
          <reporter-output>
          </reporter-output>
        </test-method> <!-- BrowserSetup -->
        <test-method signature="Jewelery()[pri:0, instance:Update_TestCase.Jewelery_DWS@1d296da]" started-at="2022-11-21T17:28:53 IST" name="Jewelery" finished-at="2022-11-21T17:28:59 IST" duration-ms="5054" status="PASS">
          <reporter-output>
          </reporter-output>
        </test-method> <!-- Jewelery -->
        <test-method is-config="true" signature="Shutdown()[pri:0, instance:Update_TestCase.Jewelery_DWS@1d296da]" started-at="2022-11-21T17:28:59 IST" name="Shutdown" finished-at="2022-11-21T17:28:59 IST" duration-ms="862" status="PASS">
          <reporter-output>
          </reporter-output>
        </test-method> <!-- Shutdown -->
      </class> <!-- Update_TestCase.Jewelery_DWS -->
      <class name="Update_TestCase.Multiple_HAndles">
        <test-method is-config="true" signature="BrowserSetup()[pri:0, instance:Update_TestCase.Multiple_HAndles@75d4a5c2]" started-at="2022-11-21T17:29:15 IST" name="BrowserSetup" finished-at="2022-11-21T17:29:24 IST" duration-ms="9171" status="PASS">
          <reporter-output>
          </reporter-output>
        </test-method> <!-- BrowserSetup -->
        <test-method signature="T3est_case()[pri:0, instance:Update_TestCase.Multiple_HAndles@75d4a5c2]" started-at="2022-11-21T17:29:24 IST" name="T3est_case" finished-at="2022-11-21T17:29:25 IST" duration-ms="459" status="PASS">
          <reporter-output>
          </reporter-output>
        </test-method> <!-- T3est_case -->
        <test-method is-config="true" signature="Shutdown()[pri:0, instance:Update_TestCase.Multiple_HAndles@75d4a5c2]" started-at="2022-11-21T17:29:25 IST" name="Shutdown" finished-at="2022-11-21T17:29:25 IST" duration-ms="109" status="PASS">
          <reporter-output>
          </reporter-output>
        </test-method> <!-- Shutdown -->
      </class> <!-- Update_TestCase.Multiple_HAndles -->
      <class name="Update_TestCase.Action_Class">
        <test-method is-config="true" signature="BrowserSetup()[pri:0, instance:Update_TestCase.Action_Class@6771beb3]" started-at="2022-11-21T17:26:57 IST" name="BrowserSetup" finished-at="2022-11-21T17:27:18 IST" duration-ms="20815" status="PASS">
          <reporter-output>
          </reporter-output>
        </test-method> <!-- BrowserSetup -->
        <test-method signature="Computer()[pri:0, instance:Update_TestCase.Action_Class@6771beb3]" started-at="2022-11-21T17:27:18 IST" name="Computer" finished-at="2022-11-21T17:27:20 IST" duration-ms="2373" status="PASS">
          <reporter-output>
          </reporter-output>
        </test-method> <!-- Computer -->
        <test-method is-config="true" signature="Shutdown()[pri:0, instance:Update_TestCase.Action_Class@6771beb3]" started-at="2022-11-21T17:27:20 IST" name="Shutdown" finished-at="2022-11-21T17:27:22 IST" duration-ms="1472" status="PASS">
          <reporter-output>
          </reporter-output>
        </test-method> <!-- Shutdown -->
      </class> <!-- Update_TestCase.Action_Class -->
      <class name="Update_TestCase.Gift_Card">
        <test-method is-config="true" signature="BrowserSetup()[pri:0, instance:Update_TestCase.Gift_Card@776aec5c]" started-at="2022-11-21T17:28:19 IST" name="BrowserSetup" finished-at="2022-11-21T17:28:32 IST" duration-ms="12449" status="PASS">
          <reporter-output>
          </reporter-output>
        </test-method> <!-- BrowserSetup -->
        <test-method signature="Gift_card()[pri:0, instance:Update_TestCase.Gift_Card@776aec5c]" started-at="2022-11-21T17:28:32 IST" name="Gift_card" finished-at="2022-11-21T17:28:41 IST" duration-ms="9277" status="PASS">
          <reporter-output>
          </reporter-output>
        </test-method> <!-- Gift_card -->
        <test-method is-config="true" signature="Shutdown()[pri:0, instance:Update_TestCase.Gift_Card@776aec5c]" started-at="2022-11-21T17:28:41 IST" name="Shutdown" finished-at="2022-11-21T17:28:42 IST" duration-ms="748" status="PASS">
          <reporter-output>
          </reporter-output>
        </test-method> <!-- Shutdown -->
      </class> <!-- Update_TestCase.Gift_Card -->
      <class name="Update_TestCase.Digital_HomePAge">
        <test-method is-config="true" signature="BrowserSetup()[pri:0, instance:Update_TestCase.Digital_HomePAge@5bf0d49]" started-at="2022-11-21T17:27:56 IST" name="BrowserSetup" finished-at="2022-11-21T17:28:05 IST" duration-ms="9087" status="PASS">
          <reporter-output>
          </reporter-output>
        </test-method> <!-- BrowserSetup -->
        <test-method signature="homepage()[pri:0, instance:Update_TestCase.Digital_HomePAge@5bf0d49]" started-at="2022-11-21T17:28:05 IST" name="homepage" finished-at="2022-11-21T17:28:18 IST" duration-ms="13750" status="FAIL">
          <exception class="org.openqa.selenium.ElementNotInteractableException">
            <message>
              <![CDATA[element not interactable
  (Session info: chrome=107.0.5304.107)
Build info: version: '3.7.1', revision: '8a0099a', time: '2017-11-06T21:07:36.161Z'
System info: host: 'DESKTOP-MCNBSPV', ip: '10.10.60.100', os.name: 'Windows 10', os.arch: 'amd64', os.version: '10.0', java.version: '18.0.1.1'
Driver info: org.openqa.selenium.chrome.ChromeDriver
Capabilities {acceptInsecureCerts: false, browserName: chrome, browserVersion: 107.0.5304.107, chrome: {chromedriverVersion: 106.0.5249.61 (511755355844..., userDataDir: C:\Users\Admin\AppData\Loca...}, goog:chromeOptions: {debuggerAddress: localhost:51150}, javascriptEnabled: true, networkConnectionEnabled: false, pageLoadStrategy: normal, platform: WINDOWS, platformName: WINDOWS, proxy: Proxy(), setWindowRect: true, strictFileInteractability: false, timeouts: {implicit: 0, pageLoad: 300000, script: 30000}, unhandledPromptBehavior: dismiss and notify, webauthn:extension:credBlob: true, webauthn:extension:largeBlob: true, webauthn:virtualAuthenticators: true}
Session ID: 1204c5a78637ba340d8e2e1ae7366d5f]]>
            </message>
            <full-stacktrace>
              <![CDATA[org.openqa.selenium.ElementNotInteractableException: element not interactable
  (Session info: chrome=107.0.5304.107)
Build info: version: '3.7.1', revision: '8a0099a', time: '2017-11-06T21:07:36.161Z'
System info: host: 'DESKTOP-MCNBSPV', ip: '10.10.60.100', os.name: 'Windows 10', os.arch: 'amd64', os.version: '10.0', java.version: '18.0.1.1'
Driver info: org.openqa.selenium.chrome.ChromeDriver
Capabilities {acceptInsecureCerts: false, browserName: chrome, browserVersion: 107.0.5304.107, chrome: {chromedriverVersion: 106.0.5249.61 (511755355844..., userDataDir: C:\Users\Admin\AppData\Loca...}, goog:chromeOptions: {debuggerAddress: localhost:51150}, javascriptEnabled: true, networkConnectionEnabled: false, pageLoadStrategy: normal, platform: WINDOWS, platformName: WINDOWS, proxy: Proxy(), setWindowRect: true, strictFileInteractability: false, timeouts: {implicit: 0, pageLoad: 300000, script: 30000}, unhandledPromptBehavior: dismiss and notify, webauthn:extension:credBlob: true, webauthn:extension:largeBlob: true, webauthn:virtualAuthenticators: true}
Session ID: 1204c5a78637ba340d8e2e1ae7366d5f
at java.base/jdk.internal.reflect.DirectConstructorHandleAccessor.newInstance(DirectConstructorHandleAccessor.java:67)
at java.base/java.lang.reflect.Constructor.newInstanceWithCaller(Constructor.java:499)
at java.base/java.lang.reflect.Constructor.newInstance(Constructor.java:483)
at org.openqa.selenium.remote.http.W3CHttpResponseCodec.createException(W3CHttpResponseCodec.java:187)
at org.openqa.selenium.remote.http.W3CHttpResponseCodec.decode(W3CHttpResponseCodec.java:122)
at org.openqa.selenium.remote.http.W3CHttpResponseCodec.decode(W3CHttpResponseCodec.java:49)
at org.openqa.selenium.remote.HttpCommandExecutor.execute(HttpCommandExecutor.java:164)
at org.openqa.selenium.remote.service.DriverCommandExecutor.execute(DriverCommandExecutor.java:83)
at org.openqa.selenium.remote.RemoteWebDriver.execute(RemoteWebDriver.java:600)
at org.openqa.selenium.remote.RemoteWebElement.execute(RemoteWebElement.java:279)
at org.openqa.selenium.remote.RemoteWebElement.click(RemoteWebElement.java:83)
at java.base/jdk.internal.reflect.DirectMethodHandleAccessor.invoke(DirectMethodHandleAccessor.java:104)
at java.base/java.lang.reflect.Method.invoke(Method.java:577)
at org.openqa.selenium.support.pagefactory.internal.LocatingElementHandler.invoke(LocatingElementHandler.java:51)
at jdk.proxy2/jdk.proxy2.$Proxy11.click(Unknown Source)
at POM_Pages.Digital_homepage_01.DDD(Digital_homepage_01.java:35)
at Update_TestCase.Digital_HomePAge.homepage(Digital_HomePAge.java:16)
at java.base/jdk.internal.reflect.DirectMethodHandleAccessor.invoke(DirectMethodHandleAccessor.java:104)
at java.base/java.lang.reflect.Method.invoke(Method.java:577)
at org.testng.internal.MethodInvocationHelper.invokeMethod(MethodInvocationHelper.java:133)
at org.testng.internal.TestInvoker.invokeMethod(TestInvoker.java:598)
at org.testng.internal.TestInvoker.invokeTestMethod(TestInvoker.java:173)
at org.testng.internal.MethodRunner.runInSequence(MethodRunner.java:46)
at org.testng.internal.TestInvoker$MethodInvocationAgent.invoke(TestInvoker.java:824)
at org.testng.internal.TestInvoker.invokeTestMethods(TestInvoker.java:146)
at org.testng.internal.TestMethodWorker.invokeTestMethods(TestMethodWorker.java:146)
at org.testng.internal.TestMethodWorker.run(TestMethodWorker.java:128)
at java.base/java.util.ArrayList.forEach(ArrayList.java:1511)
at org.testng.TestRunner.privateRun(TestRunner.java:794)
at org.testng.TestRunner.run(TestRunner.java:596)
at org.testng.SuiteRunner.runTest(SuiteRunner.java:377)
at org.testng.SuiteRunner.runSequentially(SuiteRunner.java:371)
at org.testng.SuiteRunner.privateRun(SuiteRunner.java:332)
at org.testng.SuiteRunner.run(SuiteRunner.java:276)
at org.testng.SuiteRunnerWorker.runSuite(SuiteRunnerWorker.java:53)
at org.testng.SuiteRunnerWorker.run(SuiteRunnerWorker.java:96)
at org.testng.TestNG.runSuitesSequentially(TestNG.java:1212)
at org.testng.TestNG.runSuitesLocally(TestNG.java:1134)
at org.testng.TestNG.runSuites(TestNG.java:1063)
at org.testng.TestNG.run(TestNG.java:1031)
at org.testng.remote.AbstractRemoteTestNG.run(AbstractRemoteTestNG.java:115)
at org.testng.remote.RemoteTestNG.initAndRun(RemoteTestNG.java:251)
at org.testng.remote.RemoteTestNG.main(RemoteTestNG.java:77)
]]>
            </full-stacktrace>
          </exception> <!-- org.openqa.selenium.ElementNotInteractableException -->
          <reporter-output>
          </reporter-output>
        </test-method> <!-- homepage -->
        <test-method is-config="true" signature="Shutdown()[pri:0, instance:Update_TestCase.Digital_HomePAge@5bf0d49]" started-at="2022-11-21T17:28:18 IST" name="Shutdown" finished-at="2022-11-21T17:28:19 IST" duration-ms="639" status="PASS">
          <reporter-output>
          </reporter-output>
        </test-method> <!-- Shutdown -->
      </class> <!-- Update_TestCase.Digital_HomePAge -->
      <class name="Update_TestCase.Login_TEst_pom">
        <test-method is-config="true" signature="BrowserSetup()[pri:0, instance:Update_TestCase.Login_TEst_pom@7c7a06ec]" started-at="2022-11-21T17:28:59 IST" name="BrowserSetup" finished-at="2022-11-21T17:29:11 IST" duration-ms="11482" status="PASS">
          <reporter-output>
          </reporter-output>
        </test-method> <!-- BrowserSetup -->
        <test-method signature="Test_case()[pri:0, instance:Update_TestCase.Login_TEst_pom@7c7a06ec]" started-at="2022-11-21T17:29:11 IST" name="Test_case" finished-at="2022-11-21T17:29:15 IST" duration-ms="3802" status="PASS">
          <reporter-output>
          </reporter-output>
        </test-method> <!-- Test_case -->
        <test-method is-config="true" signature="Shutdown()[pri:0, instance:Update_TestCase.Login_TEst_pom@7c7a06ec]" started-at="2022-11-21T17:29:15 IST" name="Shutdown" finished-at="2022-11-21T17:29:15 IST" duration-ms="603" status="PASS">
          <reporter-output>
          </reporter-output>
        </test-method> <!-- Shutdown -->
      </class> <!-- Update_TestCase.Login_TEst_pom -->
      <class name="Update_TestCase.ADD_To_cart">
        <test-method is-config="true" signature="BrowserSetup()[pri:0, instance:Update_TestCase.ADD_To_cart@62379589]" started-at="2022-11-21T17:27:22 IST" name="BrowserSetup" finished-at="2022-11-21T17:27:29 IST" duration-ms="7079" status="PASS">
          <reporter-output>
          </reporter-output>
        </test-method> <!-- BrowserSetup -->
        <test-method signature="Test_case1()[pri:0, instance:Update_TestCase.ADD_To_cart@62379589]" started-at="2022-11-21T17:27:29 IST" name="Test_case1" finished-at="2022-11-21T17:27:29 IST" duration-ms="265" status="PASS">
          <reporter-output>
          </reporter-output>
        </test-method> <!-- Test_case1 -->
        <test-method is-config="true" signature="Shutdown()[pri:0, instance:Update_TestCase.ADD_To_cart@62379589]" started-at="2022-11-21T17:27:29 IST" name="Shutdown" finished-at="2022-11-21T17:27:30 IST" duration-ms="941" status="PASS">
          <reporter-output>
          </reporter-output>
        </test-method> <!-- Shutdown -->
      </class> <!-- Update_TestCase.ADD_To_cart -->
      <class name="Update_TestCase.Advances_search_pom">
        <test-method is-config="true" signature="BrowserSetup()[pri:0, instance:Update_TestCase.Advances_search_pom@4afcd809]" started-at="2022-11-21T17:27:30 IST" name="BrowserSetup" finished-at="2022-11-21T17:27:39 IST" duration-ms="8386" status="PASS">
          <reporter-output>
          </reporter-output>
        </test-method> <!-- BrowserSetup -->
        <test-method signature="Advance_Test()[pri:0, instance:Update_TestCase.Advances_search_pom@4afcd809]" started-at="2022-11-21T17:27:39 IST" name="Advance_Test" finished-at="2022-11-21T17:27:43 IST" duration-ms="4351" status="PASS">
          <reporter-output>
          </reporter-output>
        </test-method> <!-- Advance_Test -->
        <test-method is-config="true" signature="Shutdown()[pri:0, instance:Update_TestCase.Advances_search_pom@4afcd809]" started-at="2022-11-21T17:27:43 IST" name="Shutdown" finished-at="2022-11-21T17:27:43 IST" duration-ms="386" status="PASS">
          <reporter-output>
          </reporter-output>
        </test-method> <!-- Shutdown -->
      </class> <!-- Update_TestCase.Advances_search_pom -->
      <class name="Update_TestCase.Vote_pom">
        <test-method is-config="true" signature="BrowserSetup()[pri:0, instance:Update_TestCase.Vote_pom@3c46e67a]" started-at="2022-11-21T17:30:55 IST" name="BrowserSetup" finished-at="2022-11-21T17:31:25 IST" duration-ms="30362" status="PASS">
          <reporter-output>
          </reporter-output>
        </test-method> <!-- BrowserSetup -->
        <test-method signature="Test_case1()[pri:0, instance:Update_TestCase.Vote_pom@3c46e67a]" started-at="2022-11-21T17:31:25 IST" name="Test_case1" finished-at="2022-11-21T17:31:26 IST" duration-ms="637" status="PASS">
          <reporter-output>
          </reporter-output>
        </test-method> <!-- Test_case1 -->
        <test-method is-config="true" signature="Shutdown()[pri:0, instance:Update_TestCase.Vote_pom@3c46e67a]" started-at="2022-11-21T17:31:26 IST" name="Shutdown" finished-at="2022-11-21T17:31:37 IST" duration-ms="10914" status="PASS">
          <reporter-output>
          </reporter-output>
        </test-method> <!-- Shutdown -->
      </class> <!-- Update_TestCase.Vote_pom -->
      <class name="Update_TestCase.Register_pom_java">
        <test-method is-config="true" signature="BrowserSetup()[pri:0, instance:Update_TestCase.Register_pom_java@408d971b]" started-at="2022-11-21T17:29:59 IST" name="BrowserSetup" finished-at="2022-11-21T17:30:17 IST" duration-ms="18391" status="PASS">
          <reporter-output>
          </reporter-output>
        </test-method> <!-- BrowserSetup -->
        <test-method signature="Test_case1()[pri:0, instance:Update_TestCase.Register_pom_java@408d971b]" started-at="2022-11-21T17:30:17 IST" name="Test_case1" finished-at="2022-11-21T17:30:28 IST" duration-ms="11094" status="PASS">
          <reporter-output>
          </reporter-output>
        </test-method> <!-- Test_case1 -->
        <test-method is-config="true" signature="Shutdown()[pri:0, instance:Update_TestCase.Register_pom_java@408d971b]" started-at="2022-11-21T17:30:28 IST" name="Shutdown" finished-at="2022-11-21T17:30:31 IST" duration-ms="2800" status="PASS">
          <reporter-output>
          </reporter-output>
        </test-method> <!-- Shutdown -->
      </class> <!-- Update_TestCase.Register_pom_java -->
      <class name="Update_TestCase.Whishlist_DWS">
        <test-method is-config="true" signature="BrowserSetup()[pri:0, instance:Update_TestCase.Whishlist_DWS@c730b35]" started-at="2022-11-21T17:31:37 IST" name="BrowserSetup" finished-at="2022-11-21T17:32:01 IST" duration-ms="24380" status="PASS">
          <reporter-output>
          </reporter-output>
        </test-method> <!-- BrowserSetup -->
        <test-method signature="WishlistTest()[pri:0, instance:Update_TestCase.Whishlist_DWS@c730b35]" started-at="2022-11-21T17:32:01 IST" name="WishlistTest" finished-at="2022-11-21T17:32:04 IST" duration-ms="2597" status="PASS">
          <reporter-output>
          </reporter-output>
        </test-method> <!-- WishlistTest -->
        <test-method is-config="true" signature="Shutdown()[pri:0, instance:Update_TestCase.Whishlist_DWS@c730b35]" started-at="2022-11-21T17:32:04 IST" name="Shutdown" finished-at="2022-11-21T17:32:07 IST" duration-ms="3533" status="PASS">
          <reporter-output>
          </reporter-output>
        </test-method> <!-- Shutdown -->
      </class> <!-- Update_TestCase.Whishlist_DWS -->
    </test> <!-- Test -->
  </suite> <!-- Suite -->
</testng-results>
