<?xml version="1.0" encoding="UTF-8"?>
<testng-results ignored="0" total="1" passed="1" failed="0" skipped="0">
  <reporter-output>
  </reporter-output>
  <suite started-at="2022-12-12T17:34:37 IST" name="Suite" finished-at="2022-12-12T17:35:21 IST" duration-ms="43950">
    <groups>
    </groups>
    <test started-at="2022-12-12T17:34:37 IST" name="Test" finished-at="2022-12-12T17:35:21 IST" duration-ms="43950">
      <class name="test_scription.kia_Test">
        <test-method signature="Browsersetup()[pri:0, instance:test_scription.kia_Test@6069db50]" started-at="2022-12-12T17:34:38 IST" name="Browsersetup" finished-at="2022-12-12T17:35:21 IST" duration-ms="43418" status="PASS">
          <reporter-output>
          </reporter-output>
        </test-method> <!-- Browsersetup -->
      </class> <!-- test_scription.kia_Test -->
    </test> <!-- Test -->
  </suite> <!-- Suite -->
</testng-results>
