<?xml version="1.0" encoding="UTF-8"?>
<!-- Generated by org.testng.reporters.JUnitXMLReporter -->
<testsuite ignored="0" hostname="DESKTOP-MCNBSPV" failures="0" tests="3" name="Regression Test" time="40.968" errors="0" timestamp="2022-11-08T16:03:55 IST">
  <testcase classname="TestCases.Testng_Register" name="Register" time="15.201"/>
  <testcase classname="TestCases.Testng_login_demo" name="Login" time="12.817"/>
  <testcase classname="TestCases.Testng_search_dem" name="search" time="12.766"/>
</testsuite> <!-- Regression Test -->
