<?xml version="1.0" encoding="UTF-8"?>
<!-- Generated by org.testng.reporters.JUnitXMLReporter -->
<testsuite ignored="3" hostname="DESKTOP-MCNBSPV" failures="0" tests="4" name="smokeTest" time="0.285" errors="0" timestamp="2022-11-10T16:29:23 IST">
  <testcase classname="Testng_basics.Working_with_smoking1" name="clickok2" time="0.041"/>
  <testcase classname="Testng_basics.Working_with_smoking1" name="product2" time="0.007"/>
  <testcase classname="Testng_basics.Working_with_smoke" name="advancesearch" time="0.004"/>
  <testcase classname="Testng_basics.Working_with_smoke" name="clickok" time="0.02"/>
  <testcase classname="Testng_basics.Working_with_smoke" name="product" time="0.0">
    <ignored/>
  </testcase> <!-- product -->
  <testcase classname="Testng_basics.Working_with_smoking1" name="checkbox1" time="0.0">
    <ignored/>
  </testcase> <!-- checkbox1 -->
  <testcase classname="Testng_basics.Working_with_smoke" name="checkbox" time="0.0">
    <ignored/>
  </testcase> <!-- checkbox -->
</testsuite> <!-- smokeTest -->
