<?xml version="1.0" encoding="UTF-8"?>
<!-- Generated by org.testng.reporters.JUnitXMLReporter -->
<testsuite ignored="0" hostname="DESKTOP-MCNBSPV" failures="1" tests="1" name="Test" time="74.834" errors="0" timestamp="2022-11-25T18:05:56 IST">
  <testcase classname="Working_With_Assertions.Working_with_Cross_Browser_Test" name="crossBrowserDemo" time="74.425">
    <failure type="org.openqa.selenium.WebDriverException" message="chrome not reachable
Build info: version: &amp;apos;3.7.1&amp;apos;, revision: &amp;apos;8a0099a&amp;apos;, time: &amp;apos;2017-11-06T21:07:36.161Z&amp;apos;
System info: host: &amp;apos;DESKTOP-MCNBSPV&amp;apos;, ip: &amp;apos;192.168.100.75&amp;apos;, os.name: &amp;apos;Windows 10&amp;apos;, os.arch: &amp;apos;amd64&amp;apos;, os.version: &amp;apos;10.0&amp;apos;, java.version: &amp;apos;18.0.1.1&amp;apos;
Driver info: driver.version: ChromeDriver
remote stacktrace: Backtrace:
	Ordinal0 [0x00A11ED3+2236115]
	Ordinal0 [0x009A92F1+1807089]
	Ordinal0 [0x008B65C0+812480]
	Ordinal0 [0x008AC08A+770186]
	Ordinal0 [0x008D860E+951822]
	Ordinal0 [0x008D4200+934400]
	Ordinal0 [0x008D19C9+924105]
	Ordinal0 [0x0090806C+1146988]
	Ordinal0 [0x00907A6A+1145450]
	Ordinal0 [0x009018A6+1120422]
	Ordinal0 [0x008DA73D+960317]
	Ordinal0 [0x008DB71F+964383]
	GetHandleVerifier [0x00CBE7E2+2743074]
	GetHandleVerifier [0x00CB08D4+2685972]
	GetHandleVerifier [0x00AA2BAA+532202]
	GetHandleVerifier [0x00AA1990+527568]
	Ordinal0 [0x009B080C+1837068]
	Ordinal0 [0x009B4CD8+1854680]
	Ordinal0 [0x009B4DC5+1854917]
	Ordinal0 [0x009BED64+1895780]
	BaseThreadInitThunk [0x76EAFEF9+25]
	RtlGetAppContainerNamedObjectPath [0x77BD7BBE+286]
	RtlGetAppContainerNamedObjectPath [0x77BD7B8E+238]
">
      <![CDATA[org.openqa.selenium.WebDriverException: chrome not reachable
Build info: version: '3.7.1', revision: '8a0099a', time: '2017-11-06T21:07:36.161Z'
System info: host: 'DESKTOP-MCNBSPV', ip: '192.168.100.75', os.name: 'Windows 10', os.arch: 'amd64', os.version: '10.0', java.version: '18.0.1.1'
Driver info: driver.version: ChromeDriver
remote stacktrace: Backtrace:
Ordinal0 [0x00A11ED3+2236115]
Ordinal0 [0x009A92F1+1807089]
Ordinal0 [0x008B65C0+812480]
Ordinal0 [0x008AC08A+770186]
Ordinal0 [0x008D860E+951822]
Ordinal0 [0x008D4200+934400]
Ordinal0 [0x008D19C9+924105]
Ordinal0 [0x0090806C+1146988]
Ordinal0 [0x00907A6A+1145450]
Ordinal0 [0x009018A6+1120422]
Ordinal0 [0x008DA73D+960317]
Ordinal0 [0x008DB71F+964383]
GetHandleVerifier [0x00CBE7E2+2743074]
GetHandleVerifier [0x00CB08D4+2685972]
GetHandleVerifier [0x00AA2BAA+532202]
GetHandleVerifier [0x00AA1990+527568]
Ordinal0 [0x009B080C+1837068]
Ordinal0 [0x009B4CD8+1854680]
Ordinal0 [0x009B4DC5+1854917]
Ordinal0 [0x009BED64+1895780]
BaseThreadInitThunk [0x76EAFEF9+25]
RtlGetAppContainerNamedObjectPath [0x77BD7BBE+286]
RtlGetAppContainerNamedObjectPath [0x77BD7B8E+238]

at org.openqa.selenium.remote.W3CHandshakeResponse.lambda$new$0(W3CHandshakeResponse.java:57)
at org.openqa.selenium.remote.W3CHandshakeResponse.lambda$getResponseFunction$2(W3CHandshakeResponse.java:104)
at org.openqa.selenium.remote.ProtocolHandshake.lambda$createSession$0(ProtocolHandshake.java:123)
at java.base/java.util.stream.ReferencePipeline$3$1.accept(ReferencePipeline.java:197)
at java.base/java.util.Spliterators$ArraySpliterator.tryAdvance(Spliterators.java:1002)
at java.base/java.util.stream.ReferencePipeline.forEachWithCancel(ReferencePipeline.java:129)
at java.base/java.util.stream.AbstractPipeline.copyIntoWithCancel(AbstractPipeline.java:527)
at java.base/java.util.stream.AbstractPipeline.copyInto(AbstractPipeline.java:513)
at java.base/java.util.stream.AbstractPipeline.wrapAndCopyInto(AbstractPipeline.java:499)
at java.base/java.util.stream.FindOps$FindOp.evaluateSequential(FindOps.java:150)
at java.base/java.util.stream.AbstractPipeline.evaluate(AbstractPipeline.java:234)
at java.base/java.util.stream.ReferencePipeline.findFirst(ReferencePipeline.java:647)
at org.openqa.selenium.remote.ProtocolHandshake.createSession(ProtocolHandshake.java:126)
at org.openqa.selenium.remote.ProtocolHandshake.createSession(ProtocolHandshake.java:73)
at org.openqa.selenium.remote.HttpCommandExecutor.execute(HttpCommandExecutor.java:142)
at org.openqa.selenium.remote.service.DriverCommandExecutor.execute(DriverCommandExecutor.java:83)
at org.openqa.selenium.remote.RemoteWebDriver.execute(RemoteWebDriver.java:600)
at org.openqa.selenium.remote.RemoteWebDriver.startSession(RemoteWebDriver.java:219)
at org.openqa.selenium.remote.RemoteWebDriver.<init>(RemoteWebDriver.java:142)
at org.openqa.selenium.chrome.ChromeDriver.<init>(ChromeDriver.java:181)
at org.openqa.selenium.chrome.ChromeDriver.<init>(ChromeDriver.java:168)
at org.openqa.selenium.chrome.ChromeDriver.<init>(ChromeDriver.java:123)
at Working_With_Assertions.Working_with_Cross_Browser_Test.crossBrowserDemo(Working_with_Cross_Browser_Test.java:22)
at java.base/java.util.ArrayList.forEach(ArrayList.java:1511)
at java.base/java.util.concurrent.FutureTask.run(FutureTask.java:264)
at java.base/java.util.concurrent.ThreadPoolExecutor.runWorker(ThreadPoolExecutor.java:1136)
at java.base/java.util.concurrent.ThreadPoolExecutor$Worker.run(ThreadPoolExecutor.java:635)
at java.base/java.lang.Thread.run(Thread.java:833)
... Removed 19 stack frames]]>
    </failure>
  </testcase> <!-- crossBrowserDemo -->
</testsuite> <!-- Test -->
